[    85.644] (--) Log file renamed from "/home/harjeet/.local/share/xorg/Xorg.pid-1209.log" to "/home/harjeet/.local/share/xorg/Xorg.0.log"
[    85.664] 
X.Org X Server 1.20.4
X Protocol Version 11, Revision 0
[    85.664] Build Operating System: Linux 4.4.0-148-generic x86_64 Ubuntu
[    85.664] Current Operating System: Linux harjeet-VirtualBox 5.0.0-23-generic #24~18.04.1-Ubuntu SMP Mon Jul 29 16:12:28 UTC 2019 x86_64
[    85.664] Kernel command line: BOOT_IMAGE=/boot/vmlinuz-5.0.0-23-generic root=UUID=fd6c2092-dc6f-4a32-b84f-cc18e5aeb4ca ro quiet splash
[    85.664] Build Date: 02 May 2019  08:06:54AM
[    85.664] xorg-server-hwe-18.04 2:1.20.4-1ubuntu3~18.04.1 (For technical support please see http://www.ubuntu.com/support) 
[    85.664] Current version of pixman: 0.34.0
[    85.664] 	Before reporting problems, check http://wiki.x.org
	to make sure that you have the latest version.
[    85.664] Markers: (--) probed, (**) from config file, (==) default setting,
	(++) from command line, (!!) notice, (II) informational,
	(WW) warning, (EE) error, (NI) not implemented, (??) unknown.
[    85.664] (==) Log file: "/home/harjeet/.local/share/xorg/Xorg.0.log", Time: Tue Oct 22 14:20:59 2019
[    85.708] (==) Using system config directory "/usr/share/X11/xorg.conf.d"
[    85.732] (==) No Layout section.  Using the first Screen section.
[    85.733] (==) No screen section available. Using defaults.
[    85.733] (**) |-->Screen "Default Screen Section" (0)
[    85.733] (**) |   |-->Monitor "<default monitor>"
[    85.747] (==) No monitor specified for screen "Default Screen Section".
	Using a default monitor configuration.
[    85.747] (==) Automatically adding devices
[    85.748] (==) Automatically enabling devices
[    85.748] (==) Automatically adding GPU devices
[    85.749] (==) Automatically binding GPU devices
[    85.749] (==) Max clients allowed: 256, resource mask: 0x1fffff
[    85.749] (WW) The directory "/usr/share/fonts/X11/cyrillic" does not exist.
[    85.749] 	Entry deleted from font path.
[    85.749] (WW) The directory "/usr/share/fonts/X11/100dpi/" does not exist.
[    85.749] 	Entry deleted from font path.
[    85.749] (WW) The directory "/usr/share/fonts/X11/75dpi/" does not exist.
[    85.749] 	Entry deleted from font path.
[    85.749] (WW) The directory "/usr/share/fonts/X11/100dpi" does not exist.
[    85.749] 	Entry deleted from font path.
[    85.749] (WW) The directory "/usr/share/fonts/X11/75dpi" does not exist.
[    85.749] 	Entry deleted from font path.
[    85.749] (==) FontPath set to:
	/usr/share/fonts/X11/misc,
	/usr/share/fonts/X11/Type1,
	built-ins
[    85.749] (==) ModulePath set to "/usr/lib/xorg/modules"
[    85.749] (II) The server relies on udev to provide the list of input devices.
	If no devices become available, reconfigure udev or disable AutoAddDevices.
[    85.749] (II) Loader magic: 0x56081a529020
[    85.749] (II) Module ABI versions:
[    85.749] 	X.Org ANSI C Emulation: 0.4
[    85.749] 	X.Org Video Driver: 24.0
[    85.749] 	X.Org XInput driver : 24.1
[    85.749] 	X.Org Server Extension : 10.0
[    85.758] (++) using VT number 2

[    85.788] (II) systemd-logind: took control of session /org/freedesktop/login1/session/_33
[    85.789] (II) xfree86: Adding drm device (/dev/dri/card0)
[    85.799] (II) systemd-logind: got fd for /dev/dri/card0 226:0 fd 12 paused 0
[    85.802] (--) PCI:*(0@0:2:0) 80ee:beef:15ad:0405 rev 0, Mem @ 0xe0000000/33554432, 0x80000000/2097152, I/O @ 0x00001000/16, BIOS @ 0x????????/131072
[    85.802] (II) LoadModule: "glx"
[    85.889] (II) Loading /usr/lib/xorg/modules/extensions/libglx.so
[    86.014] (II) Module glx: vendor="X.Org Foundation"
[    86.014] 	compiled for 1.20.4, module version = 1.0.0
[    86.014] 	ABI class: X.Org Server Extension, version 10.0
[    86.015] (==) Matched vboxvideo as autoconfigured driver 0
[    86.015] (==) Matched modesetting as autoconfigured driver 1
[    86.015] (==) Matched fbdev as autoconfigured driver 2
[    86.015] (==) Matched vesa as autoconfigured driver 3
[    86.016] (==) Assigned the driver to the xf86ConfigLayout
[    86.016] (II) LoadModule: "vboxvideo"
[    86.056] (WW) Warning, couldn't open module vboxvideo
[    86.056] (EE) Failed to load module "vboxvideo" (module does not exist, 0)
[    86.056] (II) LoadModule: "modesetting"
[    86.057] (II) Loading /usr/lib/xorg/modules/drivers/modesetting_drv.so
[    86.168] (II) Module modesetting: vendor="X.Org Foundation"
[    86.168] 	compiled for 1.20.4, module version = 1.20.4
[    86.169] 	Module class: X.Org Video Driver
[    86.170] 	ABI class: X.Org Video Driver, version 24.0
[    86.170] (II) LoadModule: "fbdev"
[    86.172] (II) Loading /usr/lib/xorg/modules/drivers/fbdev_drv.so
[    86.190] (II) Module fbdev: vendor="X.Org Foundation"
[    86.190] 	compiled for 1.20.1, module version = 0.5.0
[    86.191] 	Module class: X.Org Video Driver
[    86.192] 	ABI class: X.Org Video Driver, version 24.0
[    86.192] (II) LoadModule: "vesa"
[    86.194] (II) Loading /usr/lib/xorg/modules/drivers/vesa_drv.so
[    86.215] (II) Module vesa: vendor="X.Org Foundation"
[    86.215] 	compiled for 1.20.1, module version = 2.4.0
[    86.216] 	Module class: X.Org Video Driver
[    86.217] 	ABI class: X.Org Video Driver, version 24.0
[    86.217] (==) Matched vboxvideo as autoconfigured driver 0
[    86.217] (==) Matched modesetting as autoconfigured driver 1
[    86.217] (==) Matched fbdev as autoconfigured driver 2
[    86.217] (==) Matched vesa as autoconfigured driver 3
[    86.217] (==) Assigned the driver to the xf86ConfigLayout
[    86.217] (II) LoadModule: "vboxvideo"
[    86.218] (WW) Warning, couldn't open module vboxvideo
[    86.218] (EE) Failed to load module "vboxvideo" (module does not exist, 0)
[    86.218] (II) LoadModule: "modesetting"
[    86.218] (II) Loading /usr/lib/xorg/modules/drivers/modesetting_drv.so
[    86.219] (II) Module modesetting: vendor="X.Org Foundation"
[    86.219] 	compiled for 1.20.4, module version = 1.20.4
[    86.219] 	Module class: X.Org Video Driver
[    86.219] 	ABI class: X.Org Video Driver, version 24.0
[    86.219] (II) UnloadModule: "modesetting"
[    86.219] (II) Unloading modesetting
[    86.219] (II) Failed to load module "modesetting" (already loaded, 0)
[    86.219] (II) LoadModule: "fbdev"
[    86.226] (II) Loading /usr/lib/xorg/modules/drivers/fbdev_drv.so
[    86.226] (II) Module fbdev: vendor="X.Org Foundation"
[    86.226] 	compiled for 1.20.1, module version = 0.5.0
[    86.226] 	Module class: X.Org Video Driver
[    86.226] 	ABI class: X.Org Video Driver, version 24.0
[    86.226] (II) UnloadModule: "fbdev"
[    86.226] (II) Unloading fbdev
[    86.226] (II) Failed to load module "fbdev" (already loaded, 0)
[    86.226] (II) LoadModule: "vesa"
[    86.227] (II) Loading /usr/lib/xorg/modules/drivers/vesa_drv.so
[    86.227] (II) Module vesa: vendor="X.Org Foundation"
[    86.227] 	compiled for 1.20.1, module version = 2.4.0
[    86.227] 	Module class: X.Org Video Driver
[    86.227] 	ABI class: X.Org Video Driver, version 24.0
[    86.227] (II) UnloadModule: "vesa"
[    86.227] (II) Unloading vesa
[    86.227] (II) Failed to load module "vesa" (already loaded, 0)
[    86.227] (II) modesetting: Driver for Modesetting Kernel Drivers: kms
[    86.227] (II) FBDEV: driver for framebuffer: fbdev
[    86.227] (II) VESA: driver for VESA chipsets: vesa
[    86.236] xf86EnableIOPorts: failed to set IOPL for I/O (Operation not permitted)
[    86.237] (II) modeset(0): using drv /dev/dri/card0
[    86.237] (WW) Falling back to old probe method for fbdev
[    86.237] (II) Loading sub module "fbdevhw"
[    86.237] (II) LoadModule: "fbdevhw"
[    86.237] (II) Loading /usr/lib/xorg/modules/libfbdevhw.so
[    86.263] (II) Module fbdevhw: vendor="X.Org Foundation"
[    86.263] 	compiled for 1.20.4, module version = 0.0.2
[    86.263] 	ABI class: X.Org Video Driver, version 24.0
[    86.263] (EE) open /dev/fb0: Permission denied
[    86.263] (WW) VGA arbiter: cannot open kernel arbiter, no multi-card support
[    86.263] (II) modeset(0): Creating default Display subsection in Screen section
	"Default Screen Section" for depth/fbbpp 24/32
[    86.263] (==) modeset(0): Depth 24, (==) framebuffer bpp 32
[    86.263] (==) modeset(0): RGB weight 888
[    86.263] (==) modeset(0): Default visual is TrueColor
[    86.263] (II) Loading sub module "glamoregl"
[    86.263] (II) LoadModule: "glamoregl"
[    86.263] (II) Loading /usr/lib/xorg/modules/libglamoregl.so
[    86.289] (II) Module glamoregl: vendor="X.Org Foundation"
[    86.289] 	compiled for 1.20.4, module version = 1.0.1
[    86.290] 	ABI class: X.Org ANSI C Emulation, version 0.4
[    86.364] (II) modeset(0): Refusing to try glamor on llvmpipe
[    86.364] (EE) modeset(0): glamor initialization failed
[    86.364] (II) modeset(0): ShadowFB: preferred NO, enabled NO
[    86.369] (II) modeset(0): Output VGA-1 has no monitor section
[    86.370] (II) modeset(0): EDID for output VGA-1
[    86.370] (II) modeset(0): Manufacturer: VBX  Model: 0  Serial#: 43451734
[    86.370] (II) modeset(0): Year: 1990  Week: 1
[    86.370] (II) modeset(0): EDID Version: 1.3
[    86.370] (II) modeset(0): Digital Display Input
[    86.370] (II) modeset(0): Indeterminate output size
[    86.371] (II) modeset(0): Gamma: 2.20
[    86.371] (II) modeset(0): DPMS capabilities: StandBy Suspend Off
[    86.371] (II) modeset(0): Supported color encodings: RGB 4:4:4 YCrCb 4:4:4 
[    86.371] (II) modeset(0): Default color space is primary color space
[    86.371] (II) modeset(0): First detailed timing is preferred mode
[    86.371] (II) modeset(0): redX: 0.640 redY: 0.330   greenX: 0.300 greenY: 0.600
[    86.371] (II) modeset(0): blueX: 0.150 blueY: 0.060   whiteX: 0.312 whiteY: 0.329
[    86.372] (II) modeset(0): Manufacturer's mask: 0
[    86.372] (II) modeset(0): Supported detailed timing:
[    86.372] (II) modeset(0): clock: 55.1 MHz   Image Size:  0 x 0 mm
[    86.372] (II) modeset(0): h_active: 1366  h_sync: 1368  h_sync_end 1370 h_blank_end 1372 h_border: 0
[    86.372] (II) modeset(0): v_active: 663  v_sync: 663  v_sync_end 697 v_blanking: 669 v_border: 0
[    86.372] (II) modeset(0): Ranges: V min: 0 V max: 200 Hz, H min: 0 H max: 200 kHz, PixClock max 1005 MHz
[    86.373] (II) modeset(0): Monitor name: VBOX monitor
[    86.373] (II) modeset(0): EDID (in hex):
[    86.373] (II) modeset(0): 	00ffffffffffff005858000056059702
[    86.373] (II) modeset(0): 	0100010380000078eeee91a3544c9926
[    86.373] (II) modeset(0): 	0f505400000001010101010101010101
[    86.373] (II) modeset(0): 	01010101010183155606509706200202
[    86.373] (II) modeset(0): 	0202000000000000000000fd0000c800
[    86.373] (II) modeset(0): 	c864000a202020202020000000fc0056
[    86.374] (II) modeset(0): 	424f58206d6f6e69746f720a00000010
[    86.374] (II) modeset(0): 	000a2020202020202020202020200068
[    86.374] (II) modeset(0): Printing probed modes for output VGA-1
[    86.374] (II) modeset(0): Modeline "1360x663"x60.0   72.73  1360 1424 1560 1760  663 666 676 689 -hsync +vsync (41.3 kHz P)
[    86.374] (II) modeset(0): Modeline "2560x1600"x60.0  348.50  2560 2752 3032 3504  1600 1603 1609 1658 -hsync +vsync (99.5 kHz e)
[    86.374] (II) modeset(0): Modeline "2560x1600"x60.0  268.50  2560 2608 2640 2720  1600 1603 1609 1646 +hsync -vsync (98.7 kHz e)
[    86.374] (II) modeset(0): Modeline "1920x1440"x60.0  234.00  1920 2048 2256 2600  1440 1441 1444 1500 -hsync +vsync (90.0 kHz e)
[    86.374] (II) modeset(0): Modeline "1856x1392"x60.0  218.25  1856 1952 2176 2528  1392 1393 1396 1439 -hsync +vsync (86.3 kHz e)
[    86.375] (II) modeset(0): Modeline "1792x1344"x60.0  204.75  1792 1920 2120 2448  1344 1345 1348 1394 -hsync +vsync (83.6 kHz e)
[    86.375] (II) modeset(0): Modeline "2048x1152"x60.0  162.00  2048 2074 2154 2250  1152 1153 1156 1200 +hsync +vsync (72.0 kHz e)
[    86.375] (II) modeset(0): Modeline "1920x1200"x59.9  193.25  1920 2056 2256 2592  1200 1203 1209 1245 -hsync +vsync (74.6 kHz e)
[    86.375] (II) modeset(0): Modeline "1920x1200"x60.0  154.00  1920 1968 2000 2080  1200 1203 1209 1235 +hsync -vsync (74.0 kHz e)
[    86.375] (II) modeset(0): Modeline "1920x1080"x60.0  148.50  1920 2008 2052 2200  1080 1084 1089 1125 -hsync -vsync (67.5 kHz e)
[    86.375] (II) modeset(0): Modeline "1600x1200"x60.0  162.00  1600 1664 1856 2160  1200 1201 1204 1250 +hsync +vsync (75.0 kHz e)
[    86.375] (II) modeset(0): Modeline "1680x1050"x60.0  146.25  1680 1784 1960 2240  1050 1053 1059 1089 -hsync +vsync (65.3 kHz e)
[    86.375] (II) modeset(0): Modeline "1680x1050"x59.9  119.00  1680 1728 1760 1840  1050 1053 1059 1080 +hsync -vsync (64.7 kHz e)
[    86.375] (II) modeset(0): Modeline "1400x1050"x60.0  121.75  1400 1488 1632 1864  1050 1053 1057 1089 -hsync +vsync (65.3 kHz e)
[    86.375] (II) modeset(0): Modeline "1400x1050"x59.9  101.00  1400 1448 1480 1560  1050 1053 1057 1080 +hsync -vsync (64.7 kHz e)
[    86.375] (II) modeset(0): Modeline "1600x900"x60.0  108.00  1600 1624 1704 1800  900 901 904 1000 +hsync +vsync (60.0 kHz e)
[    86.375] (II) modeset(0): Modeline "1280x1024"x60.0  108.00  1280 1328 1440 1688  1024 1025 1028 1066 +hsync +vsync (64.0 kHz e)
[    86.375] (II) modeset(0): Modeline "1440x900"x59.9  106.50  1440 1520 1672 1904  900 903 909 934 -hsync +vsync (55.9 kHz e)
[    86.375] (II) modeset(0): Modeline "1440x900"x59.9   88.75  1440 1488 1520 1600  900 903 909 926 +hsync -vsync (55.5 kHz e)
[    86.375] (II) modeset(0): Modeline "1280x960"x60.0  108.00  1280 1376 1488 1800  960 961 964 1000 +hsync +vsync (60.0 kHz e)
[    86.375] (II) modeset(0): Modeline "1366x768"x59.8   85.50  1366 1436 1579 1792  768 771 774 798 +hsync +vsync (47.7 kHz e)
[    86.375] (II) modeset(0): Modeline "1366x768"x60.0   72.00  1366 1380 1436 1500  768 769 772 800 +hsync +vsync (48.0 kHz e)
[    86.375] (II) modeset(0): Modeline "1360x768"x60.0   85.50  1360 1424 1536 1792  768 771 777 795 +hsync +vsync (47.7 kHz e)
[    86.375] (II) modeset(0): Modeline "1280x800"x59.8   83.50  1280 1352 1480 1680  800 803 809 831 -hsync +vsync (49.7 kHz e)
[    86.375] (II) modeset(0): Modeline "1280x800"x59.9   71.00  1280 1328 1360 1440  800 803 809 823 +hsync -vsync (49.3 kHz e)
[    86.375] (II) modeset(0): Modeline "1280x768"x59.9   79.50  1280 1344 1472 1664  768 771 778 798 -hsync +vsync (47.8 kHz e)
[    86.375] (II) modeset(0): Modeline "1280x768"x60.0   68.25  1280 1328 1360 1440  768 771 778 790 +hsync -vsync (47.4 kHz e)
[    86.375] (II) modeset(0): Modeline "1280x720"x60.0   74.25  1280 1390 1430 1650  720 725 730 750 +hsync +vsync (45.0 kHz e)
[    86.375] (II) modeset(0): Modeline "1024x768"x60.0   65.00  1024 1048 1184 1344  768 771 777 806 -hsync -vsync (48.4 kHz e)
[    86.375] (II) modeset(0): Modeline "800x600"x60.3   40.00  800 840 968 1056  600 601 605 628 +hsync +vsync (37.9 kHz e)
[    86.375] (II) modeset(0): Modeline "800x600"x56.2   36.00  800 824 896 1024  600 601 603 625 +hsync +vsync (35.2 kHz e)
[    86.375] (II) modeset(0): Modeline "848x480"x60.0   33.75  848 864 976 1088  480 486 494 517 +hsync +vsync (31.0 kHz e)
[    86.375] (II) modeset(0): Modeline "640x480"x59.9   25.18  640 656 752 800  480 490 492 525 -hsync -vsync (31.5 kHz e)
[    86.375] (II) modeset(0): Output VGA-1 connected
[    86.375] (II) modeset(0): Using exact sizes for initial modes
[    86.375] (II) modeset(0): Output VGA-1 using initial mode 1360x663 +0+0
[    86.375] (==) modeset(0): Using gamma correction (1.0, 1.0, 1.0)
[    86.375] (==) modeset(0): DPI set to (96, 96)
[    86.375] (II) Loading sub module "fb"
[    86.375] (II) LoadModule: "fb"
[    86.375] (II) Loading /usr/lib/xorg/modules/libfb.so
[    86.438] (II) Module fb: vendor="X.Org Foundation"
[    86.438] 	compiled for 1.20.4, module version = 1.0.0
[    86.438] 	ABI class: X.Org ANSI C Emulation, version 0.4
[    86.438] (II) UnloadModule: "fbdev"
[    86.439] (II) Unloading fbdev
[    86.439] (II) UnloadSubModule: "fbdevhw"
[    86.439] (II) Unloading fbdevhw
[    86.447] (II) UnloadModule: "vesa"
[    86.447] (II) Unloading vesa
[    86.490] (==) modeset(0): Backing store enabled
[    86.490] (==) modeset(0): Silken mouse enabled
[    86.526] (II) modeset(0): Initializing kms color map for depth 24, 8 bpc.
[    86.526] (==) modeset(0): DPMS enabled
[    86.526] (II) Initializing extension Generic Event Extension
[    86.526] (II) Initializing extension SHAPE
[    86.527] (II) Initializing extension MIT-SHM
[    86.527] (II) Initializing extension XInputExtension
[    86.545] (II) Initializing extension XTEST
[    86.546] (II) Initializing extension BIG-REQUESTS
[    86.546] (II) Initializing extension SYNC
[    86.547] (II) Initializing extension XKEYBOARD
[    86.547] (II) Initializing extension XC-MISC
[    86.548] (II) Initializing extension SECURITY
[    86.549] (II) Initializing extension XFIXES
[    86.549] (II) Initializing extension RENDER
[    86.550] (II) Initializing extension RANDR
[    86.550] (II) Initializing extension COMPOSITE
[    86.552] (II) Initializing extension DAMAGE
[    86.552] (II) Initializing extension MIT-SCREEN-SAVER
[    86.553] (II) Initializing extension DOUBLE-BUFFER
[    86.553] (II) Initializing extension RECORD
[    86.554] (II) Initializing extension DPMS
[    86.554] (II) Initializing extension Present
[    86.555] (II) Initializing extension DRI3
[    86.555] (II) Initializing extension X-Resource
[    86.555] (II) Initializing extension XVideo
[    86.556] (II) Initializing extension XVideo-MotionCompensation
[    86.556] (II) Initializing extension SELinux
[    86.557] (II) SELinux: Disabled on system
[    86.557] (II) Initializing extension GLX
[    86.558] (II) AIGLX: Screen 0 is not DRI2 capable
[    86.565] (II) IGLX: Loaded and initialized swrast
[    86.566] (II) GLX: Initialized DRISWRAST GL provider for screen 0
[    86.566] (II) Initializing extension XFree86-VidModeExtension
[    86.566] (II) Initializing extension XFree86-DGA
[    86.567] (II) Initializing extension XFree86-DRI
[    86.582] (II) Initializing extension DRI2
[    86.582] (II) modeset(0): Damage tracking initialized
[    86.583] (II) modeset(0): Setting screen physical size to 359 x 175
[    86.630] (II) config/udev: Adding input device Power Button (/dev/input/event0)
[    86.630] (**) Power Button: Applying InputClass "libinput keyboard catchall"
[    86.630] (II) LoadModule: "libinput"
[    86.630] (II) Loading /usr/lib/xorg/modules/input/libinput_drv.so
[    86.677] (II) Module libinput: vendor="X.Org Foundation"
[    86.677] 	compiled for 1.20.1, module version = 0.28.1
[    86.678] 	Module class: X.Org XInput Driver
[    86.678] 	ABI class: X.Org XInput driver, version 24.1
[    86.678] (II) Using input driver 'libinput' for 'Power Button'
[    86.697] (II) systemd-logind: got fd for /dev/input/event0 13:64 fd 20 paused 0
[    86.698] (**) Power Button: always reports core events
[    86.698] (**) Option "Device" "/dev/input/event0"
[    86.698] (**) Option "_source" "server/udev"
[    86.702] (II) event0  - Power Button: is tagged by udev as: Keyboard
[    86.703] (II) event0  - Power Button: device is a keyboard
[    86.704] (II) event0  - Power Button: device removed
[    86.704] (**) Option "config_info" "udev:/sys/devices/LNXSYSTM:00/LNXPWRBN:00/input/input0/event0"
[    86.704] (II) XINPUT: Adding extended input device "Power Button" (type: KEYBOARD, id 6)
[    86.704] (**) Option "xkb_model" "pc105"
[    86.704] (**) Option "xkb_layout" "us"
[    86.706] (II) event0  - Power Button: is tagged by udev as: Keyboard
[    86.707] (II) event0  - Power Button: device is a keyboard
[    86.709] (II) config/udev: Adding input device Sleep Button (/dev/input/event1)
[    86.709] (**) Sleep Button: Applying InputClass "libinput keyboard catchall"
[    86.709] (II) Using input driver 'libinput' for 'Sleep Button'
[    86.711] (II) systemd-logind: got fd for /dev/input/event1 13:65 fd 23 paused 0
[    86.711] (**) Sleep Button: always reports core events
[    86.711] (**) Option "Device" "/dev/input/event1"
[    86.711] (**) Option "_source" "server/udev"
[    86.715] (II) event1  - Sleep Button: is tagged by udev as: Keyboard
[    86.715] (II) event1  - Sleep Button: device is a keyboard
[    86.716] (II) event1  - Sleep Button: device removed
[    86.716] (**) Option "config_info" "udev:/sys/devices/LNXSYSTM:00/LNXSLPBN:00/input/input1/event1"
[    86.716] (II) XINPUT: Adding extended input device "Sleep Button" (type: KEYBOARD, id 7)
[    86.716] (**) Option "xkb_model" "pc105"
[    86.717] (**) Option "xkb_layout" "us"
[    86.718] (II) event1  - Sleep Button: is tagged by udev as: Keyboard
[    86.718] (II) event1  - Sleep Button: device is a keyboard
[    86.719] (II) config/udev: Adding input device Video Bus (/dev/input/event3)
[    86.720] (**) Video Bus: Applying InputClass "libinput keyboard catchall"
[    86.720] (II) Using input driver 'libinput' for 'Video Bus'
[    86.721] (II) systemd-logind: got fd for /dev/input/event3 13:67 fd 24 paused 0
[    86.721] (**) Video Bus: always reports core events
[    86.721] (**) Option "Device" "/dev/input/event3"
[    86.721] (**) Option "_source" "server/udev"
[    86.722] (II) event3  - Video Bus: is tagged by udev as: Keyboard
[    86.723] (II) event3  - Video Bus: device is a keyboard
[    86.723] (II) event3  - Video Bus: device removed
[    86.725] (**) Option "config_info" "udev:/sys/devices/LNXSYSTM:00/LNXSYBUS:00/PNP0A03:00/LNXVIDEO:00/input/input4/event3"
[    86.725] (II) XINPUT: Adding extended input device "Video Bus" (type: KEYBOARD, id 8)
[    86.725] (**) Option "xkb_model" "pc105"
[    86.725] (**) Option "xkb_layout" "us"
[    86.726] (II) event3  - Video Bus: is tagged by udev as: Keyboard
[    86.726] (II) event3  - Video Bus: device is a keyboard
[    86.728] (II) config/udev: Adding input device VirtualBox mouse integration (/dev/input/event6)
[    86.728] (**) VirtualBox mouse integration: Applying InputClass "libinput pointer catchall"
[    86.728] (II) Using input driver 'libinput' for 'VirtualBox mouse integration'
[    86.730] (II) systemd-logind: got fd for /dev/input/event6 13:70 fd 25 paused 0
[    86.731] (**) VirtualBox mouse integration: always reports core events
[    86.731] (**) Option "Device" "/dev/input/event6"
[    86.731] (**) Option "_source" "server/udev"
[    86.731] (II) event6  - VirtualBox mouse integration: is tagged by udev as: Mouse
[    86.736] (II) event6  - VirtualBox mouse integration: device is a pointer
[    86.736] (II) event6  - VirtualBox mouse integration: device removed
[    86.737] (**) Option "config_info" "udev:/sys/devices/pci0000:00/0000:00:04.0/input/input7/event6"
[    86.737] (II) XINPUT: Adding extended input device "VirtualBox mouse integration" (type: MOUSE, id 9)
[    86.738] (**) Option "AccelerationScheme" "none"
[    86.739] (**) VirtualBox mouse integration: (accel) selected scheme none/0
[    86.739] (**) VirtualBox mouse integration: (accel) acceleration factor: 2.000
[    86.739] (**) VirtualBox mouse integration: (accel) acceleration threshold: 4
[    86.739] (II) event6  - VirtualBox mouse integration: is tagged by udev as: Mouse
[    86.739] (II) event6  - VirtualBox mouse integration: device is a pointer
[    86.740] (II) config/udev: Adding input device VirtualBox mouse integration (/dev/input/js1)
[    86.740] (II) No input driver specified, ignoring this device.
[    86.740] (II) This device may have been added with another device file.
[    86.741] (II) config/udev: Adding input device HDA Intel Speaker Front (/dev/input/event9)
[    86.741] (II) No input driver specified, ignoring this device.
[    86.741] (II) This device may have been added with another device file.
[    86.743] (II) config/udev: Adding input device HDA Intel Speaker CLFE (/dev/input/event10)
[    86.743] (II) No input driver specified, ignoring this device.
[    86.743] (II) This device may have been added with another device file.
[    86.744] (II) config/udev: Adding input device HDA Intel Front Headphone (/dev/input/event11)
[    86.744] (II) No input driver specified, ignoring this device.
[    86.744] (II) This device may have been added with another device file.
[    86.746] (II) config/udev: Adding input device HDA Intel SPDIF In (/dev/input/event12)
[    86.746] (II) No input driver specified, ignoring this device.
[    86.746] (II) This device may have been added with another device file.
[    86.747] (II) config/udev: Adding input device HDA Intel Mic (/dev/input/event7)
[    86.747] (II) No input driver specified, ignoring this device.
[    86.747] (II) This device may have been added with another device file.
[    86.751] (II) config/udev: Adding input device HDA Intel Line (/dev/input/event8)
[    86.751] (II) No input driver specified, ignoring this device.
[    86.751] (II) This device may have been added with another device file.
[    86.751] (II) config/udev: Adding input device VirtualBox USB Tablet (/dev/input/event5)
[    86.752] (**) VirtualBox USB Tablet: Applying InputClass "libinput pointer catchall"
[    86.752] (II) Using input driver 'libinput' for 'VirtualBox USB Tablet'
[    86.812] (II) systemd-logind: got fd for /dev/input/event5 13:69 fd 26 paused 0
[    86.812] (**) VirtualBox USB Tablet: always reports core events
[    86.812] (**) Option "Device" "/dev/input/event5"
[    86.812] (**) Option "_source" "server/udev"
[    86.813] (II) event5  - VirtualBox USB Tablet: is tagged by udev as: Mouse
[    86.813] (II) event5  - VirtualBox USB Tablet: device is a pointer
[    86.813] (II) event5  - VirtualBox USB Tablet: device removed
[    86.813] (**) Option "config_info" "udev:/sys/devices/pci0000:00/0000:00:06.0/usb1/1-1/1-1:1.0/0003:80EE:0021.0001/input/input6/event5"
[    86.813] (II) XINPUT: Adding extended input device "VirtualBox USB Tablet" (type: MOUSE, id 10)
[    86.813] (**) Option "AccelerationScheme" "none"
[    86.813] (**) VirtualBox USB Tablet: (accel) selected scheme none/0
[    86.813] (**) VirtualBox USB Tablet: (accel) acceleration factor: 2.000
[    86.813] (**) VirtualBox USB Tablet: (accel) acceleration threshold: 4
[    86.813] (II) event5  - VirtualBox USB Tablet: is tagged by udev as: Mouse
[    86.813] (II) event5  - VirtualBox USB Tablet: device is a pointer
[    86.814] (II) config/udev: Adding input device VirtualBox USB Tablet (/dev/input/js0)
[    86.814] (II) No input driver specified, ignoring this device.
[    86.814] (II) This device may have been added with another device file.
[    86.815] (II) config/udev: Adding input device VirtualBox USB Tablet (/dev/input/mouse1)
[    86.815] (II) No input driver specified, ignoring this device.
[    86.815] (II) This device may have been added with another device file.
[    86.815] (II) config/udev: Adding input device AT Translated Set 2 keyboard (/dev/input/event2)
[    86.815] (**) AT Translated Set 2 keyboard: Applying InputClass "libinput keyboard catchall"
[    86.815] (II) Using input driver 'libinput' for 'AT Translated Set 2 keyboard'
[    86.820] (II) systemd-logind: got fd for /dev/input/event2 13:66 fd 27 paused 0
[    86.830] (**) AT Translated Set 2 keyboard: always reports core events
[    86.832] (**) Option "Device" "/dev/input/event2"
[    86.833] (**) Option "_source" "server/udev"
[    86.834] (II) event2  - AT Translated Set 2 keyboard: is tagged by udev as: Keyboard
[    86.834] (II) event2  - AT Translated Set 2 keyboard: device is a keyboard
[    86.834] (II) event2  - AT Translated Set 2 keyboard: device removed
[    86.834] (**) Option "config_info" "udev:/sys/devices/platform/i8042/serio0/input/input2/event2"
[    86.835] (II) XINPUT: Adding extended input device "AT Translated Set 2 keyboard" (type: KEYBOARD, id 11)
[    86.835] (**) Option "xkb_model" "pc105"
[    86.835] (**) Option "xkb_layout" "us"
[    86.856] (II) event2  - AT Translated Set 2 keyboard: is tagged by udev as: Keyboard
[    86.857] (II) event2  - AT Translated Set 2 keyboard: device is a keyboard
[    86.857] (II) config/udev: Adding input device ImExPS/2 Generic Explorer Mouse (/dev/input/event4)
[    86.858] (**) ImExPS/2 Generic Explorer Mouse: Applying InputClass "libinput pointer catchall"
[    86.858] (II) Using input driver 'libinput' for 'ImExPS/2 Generic Explorer Mouse'
[    86.860] (II) systemd-logind: got fd for /dev/input/event4 13:68 fd 28 paused 0
[    86.860] (**) ImExPS/2 Generic Explorer Mouse: always reports core events
[    86.860] (**) Option "Device" "/dev/input/event4"
[    86.860] (**) Option "_source" "server/udev"
[    86.861] (II) event4  - ImExPS/2 Generic Explorer Mouse: is tagged by udev as: Mouse
[    86.863] (II) event4  - ImExPS/2 Generic Explorer Mouse: device is a pointer
[    86.864] (II) event4  - ImExPS/2 Generic Explorer Mouse: device removed
[    86.866] (**) Option "config_info" "udev:/sys/devices/platform/i8042/serio1/input/input5/event4"
[    86.866] (II) XINPUT: Adding extended input device "ImExPS/2 Generic Explorer Mouse" (type: MOUSE, id 12)
[    86.868] (**) Option "AccelerationScheme" "none"
[    86.868] (**) ImExPS/2 Generic Explorer Mouse: (accel) selected scheme none/0
[    86.868] (**) ImExPS/2 Generic Explorer Mouse: (accel) acceleration factor: 2.000
[    86.868] (**) ImExPS/2 Generic Explorer Mouse: (accel) acceleration threshold: 4
[    86.869] (II) event4  - ImExPS/2 Generic Explorer Mouse: is tagged by udev as: Mouse
[    86.869] (II) event4  - ImExPS/2 Generic Explorer Mouse: device is a pointer
[    86.871] (II) config/udev: Adding input device ImExPS/2 Generic Explorer Mouse (/dev/input/mouse0)
[    86.871] (II) No input driver specified, ignoring this device.
[    86.871] (II) This device may have been added with another device file.
[    90.170] (II) modeset(0): EDID vendor "VBX", prod id 0
[    90.170] (II) modeset(0): DDCModeFromDetailedTiming: 1366x663 Warning: We only handle separate sync.
[    90.171] (II) modeset(0): Using EDID range info for horizontal sync
[    90.171] (II) modeset(0): Using EDID range info for vertical refresh
